==== GIT STATUS ====
On branch main
Your branch is up to date with 'origin/main'.

Changes not staged for commit:
  (use "git add <file>..." to update what will be committed)
  (use "git restore <file>..." to discard changes in working directory)
	modified:   index.html

Untracked files:
  (use "git add <file>..." to include in what will be committed)
	diagnostics.log
	postcss.config.js
	src/lib/

no changes added to commit (use "git add" and/or "git commit -a")
==== GIT LOG (last 10) ====
927209b My changes
99404d6 My changes
6c0e498 Update index.css
3b430c0 Fix import errors and UI issues
177da04 Update settings.jsx
aeb6a29 Update header.jsx
1964f23 Update sidebar.jsx
e5f3bc2 Update generator.jsx
1232036 Update videogenerator.jsx
a8f11b9 Update settings.jsx
==== GIT REMOTES ====
origin	https://github.com/thehiddenauto/influencoree (fetch)
origin	https://github.com/thehiddenauto/influencoree (push)
==== NODE/NPM VERSIONS ====
v24.5.0
11.5.1
==== DEPENDENCIES ====
influencore-frontend@2.0.0 C:\Users\PC\Desktop\localo\influencoree
å—Èå—úå—ú @types/react-dom@18.3.7
å—Èå—úå—ú @types/react@18.3.23
å—Èå—úå—ú @vitejs/plugin-react@4.7.0
å—Èå—úå—ú autoprefixer@10.4.21
å—Èå—úå—ú axios@1.11.0
å—Èå—úå—ú eslint-plugin-react-hooks@4.6.2
å—Èå—úå—ú eslint-plugin-react-refresh@0.4.20
å—Èå—úå—ú eslint-plugin-react@7.37.5
å—Èå—úå—ú eslint@8.57.1
å—Èå—úå—ú framer-motion@10.18.0
å—Èå—úå—ú lucide-react@0.263.1
å—Èå—úå—ú postcss@8.5.6
å—Èå—úå—ú react-dom@18.3.1
å—Èå—úå—ú react-hot-toast@2.6.0
å—Èå—úå—ú react-router-dom@6.30.1
å—Èå—úå—ú react@18.3.1
å—Èå—úå—ú tailwindcss@3.4.17
å—Èå—úå—ú terser@5.43.1
å——å—úå—ú vite@4.5.14

==== OUTDATED PACKAGES ====
Package                    Current   Wanted    Latest  Location                                Depended by
@types/react               18.3.23  18.3.23   19.1.10  node_modules/@types/react               influencoree
@types/react-dom            18.3.7   18.3.7    19.1.7  node_modules/@types/react-dom           influencoree
@vitejs/plugin-react         4.7.0    4.7.0     5.0.1  node_modules/@vitejs/plugin-react       influencoree
eslint                      8.57.1   8.57.1    9.33.0  node_modules/eslint                     influencoree
eslint-plugin-react-hooks    4.6.2    4.6.2     5.2.0  node_modules/eslint-plugin-react-hooks  influencoree
framer-motion              10.18.0  10.18.0  12.23.12  node_modules/framer-motion              influencoree
lucide-react               0.263.1  0.263.1   0.540.0  node_modules/lucide-react               influencoree
react                       18.3.1   18.3.1    19.1.1  node_modules/react                      influencoree
react-dom                   18.3.1   18.3.1    19.1.1  node_modules/react-dom                  influencoree
react-router-dom            6.30.1   6.30.1     7.8.1  node_modules/react-router-dom           influencoree
tailwindcss                 3.4.17   3.4.17    4.1.12  node_modules/tailwindcss                influencoree
vite                        4.5.14   4.5.14     7.1.3  node_modules/vite                       influencoree
==== ENV FILES ====
.env.example
.env.production
==== FRONTEND BUILD / BACKEND DEV (last 50 lines) ====

> influencore-frontend@2.0.0 build
> vite build

[36mvite v4.5.14 [32mbuilding for production...[36m[39m
transforming...
[32måÈ¶[39m 1 modules transformed.
Generated an empty chunk: "vendor".
Generated an empty chunk: "router".
Generated an empty chunk: "motion".
Generated an empty chunk: "utils".
rendering chunks...
computing gzip size...
[2mdist/[22m[32mindex.html                    [39m[1m[2m0.09 kB[22m[1m[22m[2m å—Õ gzip: 0.10 kB[22m
[2mdist/[22m[36massets/js/router-4ed993c7.js  [39m[1m[2m0.00 kB[22m[1m[22m[2m å—Õ gzip: 0.02 kB[22m
[2mdist/[22m[36massets/js/motion-4ed993c7.js  [39m[1m[2m0.00 kB[22m[1m[22m[2m å—Õ gzip: 0.02 kB[22m
[2mdist/[22m[36massets/js/utils-4ed993c7.js   [39m[1m[2m0.00 kB[22m[1m[22m[2m å—Õ gzip: 0.02 kB[22m
[2mdist/[22m[36massets/js/vendor-4ed993c7.js  [39m[1m[2m0.00 kB[22m[1m[22m[2m å—Õ gzip: 0.02 kB[22m
[32måÈ¶ built in 3.81s[39m
